0 info it worked if it ends with ok
1 verbose cli [ '/usr/bin/nodejs', '/usr/bin/npm', 'install' ]
2 info using npm@1.3.10
3 info using node@v0.10.25
4 warn package.json @ No description
5 warn package.json @ No README data
6 verbose readDependencies using package.json deps
7 verbose install where, deps [ '/home/ubuntu/elixir/phlearn/assets',
7 verbose install   [ 'phoenix',
7 verbose install     'phoenix_html',
7 verbose install     'babel-brunch',
7 verbose install     'brunch',
7 verbose install     'clean-css-brunch',
7 verbose install     'uglify-js-brunch' ] ]
8 info preinstall @
9 verbose readDependencies using package.json deps
10 verbose cache add [ 'babel-brunch@6.1.1', null ]
11 verbose cache add name=undefined spec="babel-brunch@6.1.1" args=["babel-brunch@6.1.1",null]
12 verbose parsed url { protocol: null,
12 verbose parsed url   slashes: null,
12 verbose parsed url   auth: null,
12 verbose parsed url   host: null,
12 verbose parsed url   port: null,
12 verbose parsed url   hostname: null,
12 verbose parsed url   hash: null,
12 verbose parsed url   search: null,
12 verbose parsed url   query: null,
12 verbose parsed url   pathname: 'babel-brunch@6.1.1',
12 verbose parsed url   path: 'babel-brunch@6.1.1',
12 verbose parsed url   href: 'babel-brunch@6.1.1' }
13 verbose cache add name="babel-brunch" spec="6.1.1" args=["babel-brunch","6.1.1"]
14 verbose parsed url { protocol: null,
14 verbose parsed url   slashes: null,
14 verbose parsed url   auth: null,
14 verbose parsed url   host: null,
14 verbose parsed url   port: null,
14 verbose parsed url   hostname: null,
14 verbose parsed url   hash: null,
14 verbose parsed url   search: null,
14 verbose parsed url   query: null,
14 verbose parsed url   pathname: '6.1.1',
14 verbose parsed url   path: '6.1.1',
14 verbose parsed url   href: '6.1.1' }
15 verbose addNamed [ 'babel-brunch', '6.1.1' ]
16 verbose addNamed [ '6.1.1', '6.1.1' ]
17 silly lockFile aaf1bcf8-babel-brunch-6-1-1 babel-brunch@6.1.1
18 verbose lock babel-brunch@6.1.1 /home/ubuntu/.npm/aaf1bcf8-babel-brunch-6-1-1.lock
19 verbose cache add [ 'clean-css-brunch@2.10.0', null ]
20 verbose cache add name=undefined spec="clean-css-brunch@2.10.0" args=["clean-css-brunch@2.10.0",null]
21 verbose parsed url { protocol: null,
21 verbose parsed url   slashes: null,
21 verbose parsed url   auth: null,
21 verbose parsed url   host: null,
21 verbose parsed url   port: null,
21 verbose parsed url   hostname: null,
21 verbose parsed url   hash: null,
21 verbose parsed url   search: null,
21 verbose parsed url   query: null,
21 verbose parsed url   pathname: 'clean-css-brunch@2.10.0',
21 verbose parsed url   path: 'clean-css-brunch@2.10.0',
21 verbose parsed url   href: 'clean-css-brunch@2.10.0' }
22 verbose cache add name="clean-css-brunch" spec="2.10.0" args=["clean-css-brunch","2.10.0"]
23 verbose parsed url { protocol: null,
23 verbose parsed url   slashes: null,
23 verbose parsed url   auth: null,
23 verbose parsed url   host: null,
23 verbose parsed url   port: null,
23 verbose parsed url   hostname: null,
23 verbose parsed url   hash: null,
23 verbose parsed url   search: null,
23 verbose parsed url   query: null,
23 verbose parsed url   pathname: '2.10.0',
23 verbose parsed url   path: '2.10.0',
23 verbose parsed url   href: '2.10.0' }
24 verbose addNamed [ 'clean-css-brunch', '2.10.0' ]
25 verbose addNamed [ '2.10.0', '2.10.0' ]
26 silly lockFile 55f37da6-clean-css-brunch-2-10-0 clean-css-brunch@2.10.0
27 verbose lock clean-css-brunch@2.10.0 /home/ubuntu/.npm/55f37da6-clean-css-brunch-2-10-0.lock
28 verbose cache add [ 'brunch@2.10.9', null ]
29 verbose cache add name=undefined spec="brunch@2.10.9" args=["brunch@2.10.9",null]
30 verbose parsed url { protocol: null,
30 verbose parsed url   slashes: null,
30 verbose parsed url   auth: null,
30 verbose parsed url   host: null,
30 verbose parsed url   port: null,
30 verbose parsed url   hostname: null,
30 verbose parsed url   hash: null,
30 verbose parsed url   search: null,
30 verbose parsed url   query: null,
30 verbose parsed url   pathname: 'brunch@2.10.9',
30 verbose parsed url   path: 'brunch@2.10.9',
30 verbose parsed url   href: 'brunch@2.10.9' }
31 verbose cache add name="brunch" spec="2.10.9" args=["brunch","2.10.9"]
32 verbose parsed url { protocol: null,
32 verbose parsed url   slashes: null,
32 verbose parsed url   auth: null,
32 verbose parsed url   host: null,
32 verbose parsed url   port: null,
32 verbose parsed url   hostname: null,
32 verbose parsed url   hash: null,
32 verbose parsed url   search: null,
32 verbose parsed url   query: null,
32 verbose parsed url   pathname: '2.10.9',
32 verbose parsed url   path: '2.10.9',
32 verbose parsed url   href: '2.10.9' }
33 verbose addNamed [ 'brunch', '2.10.9' ]
34 verbose addNamed [ '2.10.9', '2.10.9' ]
35 silly lockFile b44e74f4-brunch-2-10-9 brunch@2.10.9
36 verbose lock brunch@2.10.9 /home/ubuntu/.npm/b44e74f4-brunch-2-10-9.lock
37 verbose cache add [ 'uglify-js-brunch@2.10.0', null ]
38 verbose cache add name=undefined spec="uglify-js-brunch@2.10.0" args=["uglify-js-brunch@2.10.0",null]
39 verbose parsed url { protocol: null,
39 verbose parsed url   slashes: null,
39 verbose parsed url   auth: null,
39 verbose parsed url   host: null,
39 verbose parsed url   port: null,
39 verbose parsed url   hostname: null,
39 verbose parsed url   hash: null,
39 verbose parsed url   search: null,
39 verbose parsed url   query: null,
39 verbose parsed url   pathname: 'uglify-js-brunch@2.10.0',
39 verbose parsed url   path: 'uglify-js-brunch@2.10.0',
39 verbose parsed url   href: 'uglify-js-brunch@2.10.0' }
40 verbose cache add name="uglify-js-brunch" spec="2.10.0" args=["uglify-js-brunch","2.10.0"]
41 verbose parsed url { protocol: null,
41 verbose parsed url   slashes: null,
41 verbose parsed url   auth: null,
41 verbose parsed url   host: null,
41 verbose parsed url   port: null,
41 verbose parsed url   hostname: null,
41 verbose parsed url   hash: null,
41 verbose parsed url   search: null,
41 verbose parsed url   query: null,
41 verbose parsed url   pathname: '2.10.0',
41 verbose parsed url   path: '2.10.0',
41 verbose parsed url   href: '2.10.0' }
42 verbose addNamed [ 'uglify-js-brunch', '2.10.0' ]
43 verbose addNamed [ '2.10.0', '2.10.0' ]
44 silly lockFile 0eef008e-uglify-js-brunch-2-10-0 uglify-js-brunch@2.10.0
45 verbose lock uglify-js-brunch@2.10.0 /home/ubuntu/.npm/0eef008e-uglify-js-brunch-2-10-0.lock
46 verbose cache add [ 'phoenix@file:../deps/phoenix', null ]
47 verbose cache add name=undefined spec="phoenix@file:../deps/phoenix" args=["phoenix@file:../deps/phoenix",null]
48 verbose parsed url { protocol: null,
48 verbose parsed url   slashes: null,
48 verbose parsed url   auth: null,
48 verbose parsed url   host: null,
48 verbose parsed url   port: null,
48 verbose parsed url   hostname: null,
48 verbose parsed url   hash: null,
48 verbose parsed url   search: null,
48 verbose parsed url   query: null,
48 verbose parsed url   pathname: 'phoenix@file:../deps/phoenix',
48 verbose parsed url   path: 'phoenix@file:../deps/phoenix',
48 verbose parsed url   href: 'phoenix@file:../deps/phoenix' }
49 verbose cache add name="phoenix" spec="file:../deps/phoenix" args=["phoenix","file:../deps/phoenix"]
50 verbose parsed url { protocol: 'file:',
50 verbose parsed url   slashes: null,
50 verbose parsed url   auth: null,
50 verbose parsed url   host: null,
50 verbose parsed url   port: null,
50 verbose parsed url   hostname: null,
50 verbose parsed url   hash: null,
50 verbose parsed url   search: null,
50 verbose parsed url   query: null,
50 verbose parsed url   pathname: '../deps/phoenix',
50 verbose parsed url   path: '../deps/phoenix',
50 verbose parsed url   href: 'file:../deps/phoenix' }
51 verbose addNamed [ 'phoenix', 'file:../deps/phoenix' ]
52 verbose addNamed [ null, null ]
53 silly lockFile a07f3439-phoenix-file-deps-phoenix phoenix@file:../deps/phoenix
54 verbose lock phoenix@file:../deps/phoenix /home/ubuntu/.npm/a07f3439-phoenix-file-deps-phoenix.lock
55 verbose cache add [ 'phoenix_html@file:../deps/phoenix_html', null ]
56 verbose cache add name=undefined spec="phoenix_html@file:../deps/phoenix_html" args=["phoenix_html@file:../deps/phoenix_html",null]
57 verbose parsed url { protocol: null,
57 verbose parsed url   slashes: null,
57 verbose parsed url   auth: null,
57 verbose parsed url   host: null,
57 verbose parsed url   port: null,
57 verbose parsed url   hostname: null,
57 verbose parsed url   hash: null,
57 verbose parsed url   search: null,
57 verbose parsed url   query: null,
57 verbose parsed url   pathname: 'phoenix_html@file:../deps/phoenix_html',
57 verbose parsed url   path: 'phoenix_html@file:../deps/phoenix_html',
57 verbose parsed url   href: 'phoenix_html@file:../deps/phoenix_html' }
58 verbose cache add name="phoenix_html" spec="file:../deps/phoenix_html" args=["phoenix_html","file:../deps/phoenix_html"]
59 verbose parsed url { protocol: 'file:',
59 verbose parsed url   slashes: null,
59 verbose parsed url   auth: null,
59 verbose parsed url   host: null,
59 verbose parsed url   port: null,
59 verbose parsed url   hostname: null,
59 verbose parsed url   hash: null,
59 verbose parsed url   search: null,
59 verbose parsed url   query: null,
59 verbose parsed url   pathname: '../deps/phoenix_html',
59 verbose parsed url   path: '../deps/phoenix_html',
59 verbose parsed url   href: 'file:../deps/phoenix_html' }
60 verbose addNamed [ 'phoenix_html', 'file:../deps/phoenix_html' ]
61 verbose addNamed [ null, null ]
62 silly lockFile c22223fd-enix-html-file-deps-phoenix-html phoenix_html@file:../deps/phoenix_html
63 verbose lock phoenix_html@file:../deps/phoenix_html /home/ubuntu/.npm/c22223fd-enix-html-file-deps-phoenix-html.lock
64 info addNameTag [ 'phoenix', 'file:../deps/phoenix' ]
65 info addNameTag [ 'phoenix_html', 'file:../deps/phoenix_html' ]
66 verbose url raw babel-brunch/6.1.1
67 verbose url resolving [ 'https://registry.npmjs.org/', './babel-brunch/6.1.1' ]
68 verbose url resolved https://registry.npmjs.org/babel-brunch/6.1.1
69 info trying registry request attempt 1 at 17:12:32
70 verbose etag "4RQCG1OPCI7OLG6CWO0LH4PSD"
71 http GET https://registry.npmjs.org/babel-brunch/6.1.1
72 verbose url raw clean-css-brunch/2.10.0
73 verbose url resolving [ 'https://registry.npmjs.org/', './clean-css-brunch/2.10.0' ]
74 verbose url resolved https://registry.npmjs.org/clean-css-brunch/2.10.0
75 info trying registry request attempt 1 at 17:12:32
76 verbose etag "9BEMM9XRE2FAEIY9VKFB6BHC"
77 http GET https://registry.npmjs.org/clean-css-brunch/2.10.0
78 verbose url raw brunch/2.10.9
79 verbose url resolving [ 'https://registry.npmjs.org/', './brunch/2.10.9' ]
80 verbose url resolved https://registry.npmjs.org/brunch/2.10.9
81 info trying registry request attempt 1 at 17:12:32
82 verbose etag "AVBFI2PBNCJZ2IST2Z9KLK6GJ"
83 http GET https://registry.npmjs.org/brunch/2.10.9
84 verbose url raw uglify-js-brunch/2.10.0
85 verbose url resolving [ 'https://registry.npmjs.org/', './uglify-js-brunch/2.10.0' ]
86 verbose url resolved https://registry.npmjs.org/uglify-js-brunch/2.10.0
87 info trying registry request attempt 1 at 17:12:32
88 verbose etag "4KK0O6S64SVJZBSGH365VTXU"
89 http GET https://registry.npmjs.org/uglify-js-brunch/2.10.0
90 verbose url raw phoenix
91 verbose url resolving [ 'https://registry.npmjs.org/', './phoenix' ]
92 verbose url resolved https://registry.npmjs.org/phoenix
93 info trying registry request attempt 1 at 17:12:32
94 verbose etag "597b96f2-2c79"
95 http GET https://registry.npmjs.org/phoenix
96 verbose url raw phoenix_html
97 verbose url resolving [ 'https://registry.npmjs.org/', './phoenix_html' ]
98 verbose url resolved https://registry.npmjs.org/phoenix_html
99 info trying registry request attempt 1 at 17:12:32
100 http GET https://registry.npmjs.org/phoenix_html
101 http 304 https://registry.npmjs.org/clean-css-brunch/2.10.0
102 silly registry.get cb [ 304,
102 silly registry.get   { date: 'Thu, 14 Sep 2017 17:12:32 GMT',
102 silly registry.get     via: '1.1 varnish',
102 silly registry.get     'cache-control': 'max-age=300',
102 silly registry.get     etag: '"9BEMM9XRE2FAEIY9VKFB6BHC"',
102 silly registry.get     age: '0',
102 silly registry.get     connection: 'keep-alive',
102 silly registry.get     'x-served-by': 'cache-sea1041-SEA',
102 silly registry.get     'x-cache': 'MISS',
102 silly registry.get     'x-cache-hits': '0',
102 silly registry.get     'x-timer': 'S1505409152.154524,VS0,VE30',
102 silly registry.get     vary: 'Accept-Encoding, Accept' } ]
103 verbose etag clean-css-brunch/2.10.0 from cache
104 http 304 https://registry.npmjs.org/uglify-js-brunch/2.10.0
105 silly registry.get cb [ 304,
105 silly registry.get   { date: 'Thu, 14 Sep 2017 17:12:32 GMT',
105 silly registry.get     via: '1.1 varnish',
105 silly registry.get     'cache-control': 'max-age=300',
105 silly registry.get     etag: '"4KK0O6S64SVJZBSGH365VTXU"',
105 silly registry.get     age: '0',
105 silly registry.get     connection: 'keep-alive',
105 silly registry.get     'x-served-by': 'cache-sea1027-SEA',
105 silly registry.get     'x-cache': 'MISS',
105 silly registry.get     'x-cache-hits': '0',
105 silly registry.get     'x-timer': 'S1505409152.157827,VS0,VE29',
105 silly registry.get     vary: 'Accept-Encoding, Accept' } ]
106 verbose etag uglify-js-brunch/2.10.0 from cache
107 silly lockFile 55f37da6-clean-css-brunch-2-10-0 clean-css-brunch@2.10.0
108 silly lockFile 55f37da6-clean-css-brunch-2-10-0 clean-css-brunch@2.10.0
109 silly lockFile 0eef008e-uglify-js-brunch-2-10-0 uglify-js-brunch@2.10.0
110 silly lockFile 0eef008e-uglify-js-brunch-2-10-0 uglify-js-brunch@2.10.0
111 http 304 https://registry.npmjs.org/brunch/2.10.9
112 silly registry.get cb [ 304,
112 silly registry.get   { date: 'Thu, 14 Sep 2017 17:12:32 GMT',
112 silly registry.get     via: '1.1 varnish',
112 silly registry.get     'cache-control': 'max-age=300',
112 silly registry.get     etag: '"AVBFI2PBNCJZ2IST2Z9KLK6GJ"',
112 silly registry.get     age: '0',
112 silly registry.get     connection: 'keep-alive',
112 silly registry.get     'x-served-by': 'cache-sea1037-SEA',
112 silly registry.get     'x-cache': 'MISS',
112 silly registry.get     'x-cache-hits': '0',
112 silly registry.get     'x-timer': 'S1505409152.158379,VS0,VE66',
112 silly registry.get     vary: 'Accept-Encoding, Accept' } ]
113 verbose etag brunch/2.10.9 from cache
114 silly lockFile b44e74f4-brunch-2-10-9 brunch@2.10.9
115 silly lockFile b44e74f4-brunch-2-10-9 brunch@2.10.9
116 http 304 https://registry.npmjs.org/phoenix
117 silly registry.get cb [ 304,
117 silly registry.get   { date: 'Thu, 14 Sep 2017 17:12:32 GMT',
117 silly registry.get     via: '1.1 varnish',
117 silly registry.get     'cache-control': 'max-age=300',
117 silly registry.get     etag: '"597b96f2-2c79"',
117 silly registry.get     age: '0',
117 silly registry.get     connection: 'keep-alive',
117 silly registry.get     'x-served-by': 'cache-sea1038-SEA',
117 silly registry.get     'x-cache': 'MISS',
117 silly registry.get     'x-cache-hits': '0',
117 silly registry.get     'x-timer': 'S1505409152.155803,VS0,VE88',
117 silly registry.get     vary: 'Accept-Encoding, Accept' } ]
118 verbose etag phoenix from cache
119 http 304 https://registry.npmjs.org/babel-brunch/6.1.1
120 silly registry.get cb [ 304,
120 silly registry.get   { date: 'Thu, 14 Sep 2017 17:12:32 GMT',
120 silly registry.get     via: '1.1 varnish',
120 silly registry.get     'cache-control': 'max-age=300',
120 silly registry.get     etag: '"4RQCG1OPCI7OLG6CWO0LH4PSD"',
120 silly registry.get     age: '0',
120 silly registry.get     connection: 'keep-alive',
120 silly registry.get     'x-served-by': 'cache-sea1036-SEA',
120 silly registry.get     'x-cache': 'MISS',
120 silly registry.get     'x-cache-hits': '0',
120 silly registry.get     'x-timer': 'S1505409152.157214,VS0,VE87',
120 silly registry.get     vary: 'Accept-Encoding, Accept' } ]
121 verbose etag babel-brunch/6.1.1 from cache
122 silly lockFile a07f3439-phoenix-file-deps-phoenix phoenix@file:../deps/phoenix
123 silly lockFile a07f3439-phoenix-file-deps-phoenix phoenix@file:../deps/phoenix
124 error Error: No compatible version found: phoenix@'file:../deps/phoenix'
124 error Valid install targets:
124 error ["0.1.1-dev","1.2.0-rc.0","1.2.0","1.2.1","1.3.0"]
124 error     at installTargetsError (/usr/share/npm/lib/cache.js:719:10)
124 error     at /usr/share/npm/lib/cache.js:638:10
124 error     at saved (/usr/share/npm/node_modules/npm-registry-client/lib/get.js:142:7)
124 error     at /usr/lib/nodejs/graceful-fs/polyfills.js:133:7
124 error     at Object.oncomplete (fs.js:107:15)
125 error If you need help, you may report this log at:
125 error     <http://github.com/isaacs/npm/issues>
125 error or email it to:
125 error     <npm-@googlegroups.com>
126 error System Linux 3.13.0-116-generic
127 error command "/usr/bin/nodejs" "/usr/bin/npm" "install"
128 error cwd /home/ubuntu/elixir/phlearn/assets
129 error node -v v0.10.25
130 error npm -v 1.3.10
131 verbose exit [ 1, true ]
